running egg_info
creating ../../build/mobile_imu_processor/mobile_imu_processor.egg-info
writing ../../build/mobile_imu_processor/mobile_imu_processor.egg-info/PKG-INFO
writing dependency_links to ../../build/mobile_imu_processor/mobile_imu_processor.egg-info/dependency_links.txt
writing entry points to ../../build/mobile_imu_processor/mobile_imu_processor.egg-info/entry_points.txt
writing requirements to ../../build/mobile_imu_processor/mobile_imu_processor.egg-info/requires.txt
writing top-level names to ../../build/mobile_imu_processor/mobile_imu_processor.egg-info/top_level.txt
writing manifest file '../../build/mobile_imu_processor/mobile_imu_processor.egg-info/SOURCES.txt'
reading manifest file '../../build/mobile_imu_processor/mobile_imu_processor.egg-info/SOURCES.txt'
writing manifest file '../../build/mobile_imu_processor/mobile_imu_processor.egg-info/SOURCES.txt'
running build
running build_py
creating /home/faraz/mobile_imu/build/mobile_imu_processor/build
creating /home/faraz/mobile_imu/build/mobile_imu_processor/build/lib
creating /home/faraz/mobile_imu/build/mobile_imu_processor/build/lib/mobile_imu_processor
copying mobile_imu_processor/imu_receiver_node.py -> /home/faraz/mobile_imu/build/mobile_imu_processor/build/lib/mobile_imu_processor
copying mobile_imu_processor/imu_processor_node.py -> /home/faraz/mobile_imu/build/mobile_imu_processor/build/lib/mobile_imu_processor
copying mobile_imu_processor/__init__.py -> /home/faraz/mobile_imu/build/mobile_imu_processor/build/lib/mobile_imu_processor
running install
running install_lib
creating /home/faraz/mobile_imu/install/mobile_imu_processor/lib/python3.10/site-packages/mobile_imu_processor
copying /home/faraz/mobile_imu/build/mobile_imu_processor/build/lib/mobile_imu_processor/imu_receiver_node.py -> /home/faraz/mobile_imu/install/mobile_imu_processor/lib/python3.10/site-packages/mobile_imu_processor
copying /home/faraz/mobile_imu/build/mobile_imu_processor/build/lib/mobile_imu_processor/imu_processor_node.py -> /home/faraz/mobile_imu/install/mobile_imu_processor/lib/python3.10/site-packages/mobile_imu_processor
copying /home/faraz/mobile_imu/build/mobile_imu_processor/build/lib/mobile_imu_processor/__init__.py -> /home/faraz/mobile_imu/install/mobile_imu_processor/lib/python3.10/site-packages/mobile_imu_processor
byte-compiling /home/faraz/mobile_imu/install/mobile_imu_processor/lib/python3.10/site-packages/mobile_imu_processor/imu_receiver_node.py to imu_receiver_node.cpython-310.pyc
byte-compiling /home/faraz/mobile_imu/install/mobile_imu_processor/lib/python3.10/site-packages/mobile_imu_processor/imu_processor_node.py to imu_processor_node.cpython-310.pyc
byte-compiling /home/faraz/mobile_imu/install/mobile_imu_processor/lib/python3.10/site-packages/mobile_imu_processor/__init__.py to __init__.cpython-310.pyc
running install_data
creating /home/faraz/mobile_imu/install/mobile_imu_processor/share/ament_index
creating /home/faraz/mobile_imu/install/mobile_imu_processor/share/ament_index/resource_index
creating /home/faraz/mobile_imu/install/mobile_imu_processor/share/ament_index/resource_index/packages
copying resource/mobile_imu_processor -> /home/faraz/mobile_imu/install/mobile_imu_processor/share/ament_index/resource_index/packages
copying package.xml -> /home/faraz/mobile_imu/install/mobile_imu_processor/share/mobile_imu_processor
running install_egg_info
Copying ../../build/mobile_imu_processor/mobile_imu_processor.egg-info to /home/faraz/mobile_imu/install/mobile_imu_processor/lib/python3.10/site-packages/mobile_imu_processor-0.0.0-py3.10.egg-info
running install_scripts
Installing imu_processor_node script to /home/faraz/mobile_imu/install/mobile_imu_processor/lib/mobile_imu_processor
Installing imu_receiver_node script to /home/faraz/mobile_imu/install/mobile_imu_processor/lib/mobile_imu_processor
writing list of installed files to '/home/faraz/mobile_imu/build/mobile_imu_processor/install.log'
