[0.600s] Invoking command in '/home/faraz/mobile_imu/src/mobile_imu_processor': PYTHONPATH=/home/faraz/mobile_imu/build/mobile_imu_processor/prefix_override:/usr/lib/python3/dist-packages/colcon_core/task/python/colcon_distutils_commands:/home/faraz/mobile_imu/install/mobile_imu_processor/lib/python3.10/site-packages:${PYTHONPATH} /usr/bin/python3 -W ignore:setup.py install is deprecated -W ignore:easy_install command is deprecated setup.py egg_info --egg-base ../../build/mobile_imu_processor build --build-base /home/faraz/mobile_imu/build/mobile_imu_processor/build install --record /home/faraz/mobile_imu/build/mobile_imu_processor/install.log --single-version-externally-managed install_data
[0.846s] running egg_info
[0.846s] writing ../../build/mobile_imu_processor/mobile_imu_processor.egg-info/PKG-INFO
[0.847s] writing dependency_links to ../../build/mobile_imu_processor/mobile_imu_processor.egg-info/dependency_links.txt
[0.847s] writing entry points to ../../build/mobile_imu_processor/mobile_imu_processor.egg-info/entry_points.txt
[0.847s] writing requirements to ../../build/mobile_imu_processor/mobile_imu_processor.egg-info/requires.txt
[0.847s] writing top-level names to ../../build/mobile_imu_processor/mobile_imu_processor.egg-info/top_level.txt
[0.849s] reading manifest file '../../build/mobile_imu_processor/mobile_imu_processor.egg-info/SOURCES.txt'
[0.850s] writing manifest file '../../build/mobile_imu_processor/mobile_imu_processor.egg-info/SOURCES.txt'
[0.850s] running build
[0.851s] running build_py
[0.851s] running install
[0.851s] running install_lib
[0.852s] running install_data
[0.852s] running install_egg_info
[0.854s] removing '/home/faraz/mobile_imu/install/mobile_imu_processor/lib/python3.10/site-packages/mobile_imu_processor-0.0.0-py3.10.egg-info' (and everything under it)
[0.854s] Copying ../../build/mobile_imu_processor/mobile_imu_processor.egg-info to /home/faraz/mobile_imu/install/mobile_imu_processor/lib/python3.10/site-packages/mobile_imu_processor-0.0.0-py3.10.egg-info
[0.855s] running install_scripts
[0.874s] Installing imu_processor_node script to /home/faraz/mobile_imu/install/mobile_imu_processor/lib/mobile_imu_processor
[0.874s] Installing imu_receiver_node script to /home/faraz/mobile_imu/install/mobile_imu_processor/lib/mobile_imu_processor
[0.874s] writing list of installed files to '/home/faraz/mobile_imu/build/mobile_imu_processor/install.log'
[0.897s] Invoked command in '/home/faraz/mobile_imu/src/mobile_imu_processor' returned '0': PYTHONPATH=/home/faraz/mobile_imu/build/mobile_imu_processor/prefix_override:/usr/lib/python3/dist-packages/colcon_core/task/python/colcon_distutils_commands:/home/faraz/mobile_imu/install/mobile_imu_processor/lib/python3.10/site-packages:${PYTHONPATH} /usr/bin/python3 -W ignore:setup.py install is deprecated -W ignore:easy_install command is deprecated setup.py egg_info --egg-base ../../build/mobile_imu_processor build --build-base /home/faraz/mobile_imu/build/mobile_imu_processor/build install --record /home/faraz/mobile_imu/build/mobile_imu_processor/install.log --single-version-externally-managed install_data
