[0.613s] Invoking command in '/home/faraz/mobile_imu/src/mobile_imu_processor': PYTHONPATH=/home/faraz/mobile_imu/build/mobile_imu_processor/prefix_override:/usr/lib/python3/dist-packages/colcon_core/task/python/colcon_distutils_commands:/home/faraz/mobile_imu/install/mobile_imu_processor/lib/python3.10/site-packages:${PYTHONPATH} /usr/bin/python3 -W ignore:setup.py install is deprecated -W ignore:easy_install command is deprecated setup.py egg_info --egg-base ../../build/mobile_imu_processor build --build-base /home/faraz/mobile_imu/build/mobile_imu_processor/build install --record /home/faraz/mobile_imu/build/mobile_imu_processor/install.log --single-version-externally-managed install_data
[0.860s] running egg_info
[0.861s] writing ../../build/mobile_imu_processor/mobile_imu_processor.egg-info/PKG-INFO
[0.861s] writing dependency_links to ../../build/mobile_imu_processor/mobile_imu_processor.egg-info/dependency_links.txt
[0.861s] writing entry points to ../../build/mobile_imu_processor/mobile_imu_processor.egg-info/entry_points.txt
[0.862s] writing requirements to ../../build/mobile_imu_processor/mobile_imu_processor.egg-info/requires.txt
[0.862s] writing top-level names to ../../build/mobile_imu_processor/mobile_imu_processor.egg-info/top_level.txt
[0.863s] reading manifest file '../../build/mobile_imu_processor/mobile_imu_processor.egg-info/SOURCES.txt'
[0.865s] writing manifest file '../../build/mobile_imu_processor/mobile_imu_processor.egg-info/SOURCES.txt'
[0.865s] running build
[0.865s] running build_py
[0.865s] copying mobile_imu_processor/imu_processor_node.py -> /home/faraz/mobile_imu/build/mobile_imu_processor/build/lib/mobile_imu_processor
[0.865s] running install
[0.865s] running install_lib
[0.866s] copying /home/faraz/mobile_imu/build/mobile_imu_processor/build/lib/mobile_imu_processor/imu_processor_node.py -> /home/faraz/mobile_imu/install/mobile_imu_processor/lib/python3.10/site-packages/mobile_imu_processor
[0.867s] byte-compiling /home/faraz/mobile_imu/install/mobile_imu_processor/lib/python3.10/site-packages/mobile_imu_processor/imu_processor_node.py to imu_processor_node.cpython-310.pyc
[0.868s] running install_data
[0.868s] running install_egg_info
[0.870s] removing '/home/faraz/mobile_imu/install/mobile_imu_processor/lib/python3.10/site-packages/mobile_imu_processor-0.0.0-py3.10.egg-info' (and everything under it)
[0.870s] Copying ../../build/mobile_imu_processor/mobile_imu_processor.egg-info to /home/faraz/mobile_imu/install/mobile_imu_processor/lib/python3.10/site-packages/mobile_imu_processor-0.0.0-py3.10.egg-info
[0.871s] running install_scripts
[0.889s] Installing imu_processor_node script to /home/faraz/mobile_imu/install/mobile_imu_processor/lib/mobile_imu_processor
[0.889s] Installing imu_receiver_node script to /home/faraz/mobile_imu/install/mobile_imu_processor/lib/mobile_imu_processor
[0.890s] writing list of installed files to '/home/faraz/mobile_imu/build/mobile_imu_processor/install.log'
[0.913s] Invoked command in '/home/faraz/mobile_imu/src/mobile_imu_processor' returned '0': PYTHONPATH=/home/faraz/mobile_imu/build/mobile_imu_processor/prefix_override:/usr/lib/python3/dist-packages/colcon_core/task/python/colcon_distutils_commands:/home/faraz/mobile_imu/install/mobile_imu_processor/lib/python3.10/site-packages:${PYTHONPATH} /usr/bin/python3 -W ignore:setup.py install is deprecated -W ignore:easy_install command is deprecated setup.py egg_info --egg-base ../../build/mobile_imu_processor build --build-base /home/faraz/mobile_imu/build/mobile_imu_processor/build install --record /home/faraz/mobile_imu/build/mobile_imu_processor/install.log --single-version-externally-managed install_data
